D:\CHY\PROJECTS\MY\EQCORES2_SQS\BIN\BTNST.OBJ
D:\CHY\PROJECTS\MY\EQCORES2_SQS\BIN\CATCHSCREENDLG.OBJ
D:\CHY\PROJECTS\MY\EQCORES2_SQS\BIN\CCVISION.EXE
D:\CHY\PROJECTS\MY\EQCORES2_SQS\BIN\CCVISION.EXE.INTERMEDIATE.MANIFEST
D:\CHY\PROJECTS\MY\EQCORES2_SQS\BIN\CCVISION.PCH
D:\CHY\PROJECTS\MY\EQCORES2_SQS\BIN\CCVISION.PDB
D:\CHY\PROJECTS\MY\EQCORES2_SQS\BIN\CHINESE.OBJ
D:\chy\projects\my\eqcores2_sqs\bin\cl.command.1.tlog
D:\chy\projects\my\eqcores2_sqs\bin\CL.read.1.tlog
D:\chy\projects\my\eqcores2_sqs\bin\CL.write.1.tlog
D:\CHY\PROJECTS\MY\EQCORES2_SQS\BIN\CPPSQLITE3.OBJ
D:\CHY\PROJECTS\MY\EQCORES2_SQS\BIN\EXCEPTIONHANDLER1.OBJ
D:\CHY\PROJECTS\MY\EQCORES2_SQS\BIN\INCOMINGDLG.OBJ
D:\chy\projects\my\eqcores2_sqs\bin\link.command.1.tlog
D:\chy\projects\my\eqcores2_sqs\bin\link.read.1.tlog
D:\chy\projects\my\eqcores2_sqs\bin\link.write.1.tlog
D:\chy\projects\my\eqcores2_sqs\bin\link-cvtres.read.1.tlog
D:\chy\projects\my\eqcores2_sqs\bin\link-cvtres.write.1.tlog
D:\CHY\PROJECTS\MY\EQCORES2_SQS\BIN\LOCALVIDEODLG.OBJ
D:\CHY\PROJECTS\MY\EQCORES2_SQS\BIN\LPNCOREMGR.OBJ
D:\CHY\PROJECTS\MY\EQCORES2_SQS\BIN\LPNMGR.OBJ
D:\CHY\PROJECTS\MY\EQCORES2_SQS\BIN\MAIN.OBJ
D:\chy\projects\my\eqcores2_sqs\bin\midl.command.1.tlog
D:\chy\projects\my\eqcores2_sqs\bin\midl.read.1.tlog
D:\chy\projects\my\eqcores2_sqs\bin\midl.write.1.tlog
D:\chy\projects\my\eqcores2_sqs\bin\midl-midlc.read.1.tlog
D:\chy\projects\my\eqcores2_sqs\bin\midl-midlc.write.1.tlog
D:\chy\projects\my\eqcores2_sqs\bin\midl-midlc-cl.read.1.tlog
D:\chy\projects\my\eqcores2_sqs\bin\mt.command.1.tlog
D:\chy\projects\my\eqcores2_sqs\bin\mt.read.1.tlog
D:\chy\projects\my\eqcores2_sqs\bin\mt.write.1.tlog
D:\CHY\PROJECTS\MY\EQCORES2_SQS\BIN\MYCLIENT.OBJ
D:\CHY\PROJECTS\MY\EQCORES2_SQS\BIN\MYEDIT.OBJ
D:\CHY\PROJECTS\MY\EQCORES2_SQS\BIN\MYHWND.OBJ
D:\CHY\PROJECTS\MY\EQCORES2_SQS\BIN\MYTRACKER.OBJ
D:\CHY\PROJECTS\MY\EQCORES2_SQS\BIN\OPTIONSEXDLG.OBJ
D:\CHY\PROJECTS\MY\EQCORES2_SQS\BIN\PCSS.OBJ
D:\CHY\PROJECTS\MY\EQCORES2_SQS\BIN\PROMPTDLG.OBJ
D:\chy\projects\my\eqcores2_sqs\bin\rc.command.1.tlog
D:\chy\projects\my\eqcores2_sqs\bin\rc.read.1.tlog
D:\chy\projects\my\eqcores2_sqs\bin\rc.write.1.tlog
D:\CHY\PROJECTS\MY\EQCORES2_SQS\BIN\REMOTEDLG.OBJ
D:\CHY\PROJECTS\MY\EQCORES2_SQS\BIN\SFCALLSMANAGER.OBJ
D:\CHY\PROJECTS\MY\EQCORES2_SQS\BIN\SFCONNECTION.OBJ
D:\CHY\PROJECTS\MY\EQCORES2_SQS\BIN\SFENDPOINT.OBJ
D:\CHY\PROJECTS\MY\EQCORES2_SQS\BIN\SFSINKMEDIASTREAMFORAUDIO.OBJ
D:\CHY\PROJECTS\MY\EQCORES2_SQS\BIN\SFVIDEOWND.OBJ
D:\CHY\PROJECTS\MY\EQCORES2_SQS\BIN\SIMPLETRAY.OBJ
D:\CHY\PROJECTS\MY\EQCORES2_SQS\BIN\SQLDB.OBJ
D:\CHY\PROJECTS\MY\EQCORES2_SQS\BIN\STDAFX.OBJ
D:\CHY\PROJECTS\MY\EQCORES2_SQS\BIN\VC100.PDB
D:\CHY\PROJECTS\MY\EQCORES2_SQS\BIN\VIDEOPANELCHILDDLG.OBJ
D:\CHY\PROJECTS\MY\EQCORES2_SQS\BIN\VIDEOPANELDLG.OBJ
D:\CHY\PROJECTS\MY\EQCORES2_SQS\BIN\YCONFERENCEVCLIENTPATCH.OBJ
D:\CHY\PROJECTS\MY\EQCORES2_SQS\BIN\YMEDIARECORDINGMGR.OBJ
D:\CHY\PROJECTS\MY\EQCORES2_SQS\BIN\YRDCONNECTION.OBJ
D:\CHY\PROJECTS\MY\EQCORES2_SQS\BIN\YUSERTOUSERTRANSMITDATAMGR.OBJ
D:\CHY\PROJECTS\MY\EQCORES2_SQS\BIN\YYAUDIOMEDIASTREAM.OBJ
D:\chy\projects\my\eqcores2_sqs\bin\YYC.write.1.tlog
D:\CHY\PROJECTS\MY\EQCORES2_SQS\BIN\YYCONTAINER.OBJ
D:\CHY\PROJECTS\MY\EQCORES2_SQS\BIN\YYCONTAINER.RES
D:\CHY\PROJECTS\MY\EQCORES2_SQS\BIN\YYCONTAINERDLG.OBJ
D:\CHY\PROJECTS\MY\EQCORES2_SQS\BIN\YYFUN.OBJ
D:\CHY\PROJECTS\MY\EQCORES2_SQS\BIN\YYSPRITEX-2.DLL.INTERMEDIATE.MANIFEST
D:\chy\projects\my\eqcores2_sqs\bin\YYSpriteX-2.exp
D:\chy\projects\my\eqcores2_sqs\bin\YYSpriteX-2.lib
D:\CHY\PROJECTS\MY\EQCORES2_SQS\BIN\YYSPRITEX-2.OBJ
D:\CHY\PROJECTS\MY\EQCORES2_SQS\BIN\YYSPRITEX-2.OCX
D:\CHY\PROJECTS\MY\EQCORES2_SQS\BIN\YYSPRITEX-2.PCH
D:\CHY\PROJECTS\MY\EQCORES2_SQS\BIN\YYSPRITEX-2.PDB
D:\CHY\PROJECTS\MY\EQCORES2_SQS\BIN\YYSPRITEX-2.RES
D:\CHY\PROJECTS\MY\EQCORES2_SQS\BIN\YYSPRITEX-2.TLB
D:\chy\projects\my\eqcores2_sqs\bin\YYSpriteX-2.vcxprojResolveAssemblyReference.cache
D:\chy\projects\my\eqcores2_sqs\bin\YYSpriteX-2.write.1.tlog
D:\CHY\PROJECTS\MY\EQCORES2_SQS\BIN\YYSPRITEX-2CTRL.OBJ
D:\CHY\PROJECTS\MY\EQCORES2_SQS\BIN\YYSPRITEX-2PROPPAGE.OBJ
D:\CHY\PROJECTS\MY\EQCORES2_SQS\BIN\YYVIDEOMIXER.OBJ
D:\CHY\PROJECTS\MY\EQCORES2_SQS\BIN\YYVIDEOOUTPUTDEVICE.OBJ
D:\CHY\PROJECTS\MY\EQCORES2_SQS\BIN\YYWIN32THREAD.OBJ
D:\CHY\PROJECTS\MY\EQCORES2_SQS\YYSPRITEX-2\YYSPRITEX-2_I.C
D:\CHY\PROJECTS\MY\EQCORES2_SQS\YYSPRITEX-2\YYSPRITEX-2IDL.H
