D:\chy\projects\my\sqs\eqcores2\bin\cl.command.1.tlog
D:\chy\projects\my\sqs\eqcores2\bin\CL.read.1.tlog
D:\chy\projects\my\sqs\eqcores2\bin\CL.write.1.tlog
D:\CHY\PROJECTS\MY\SQS\EQCORES2\BIN\EXCEPTIONHANDLER.OBJ
D:\chy\projects\my\sqs\eqcores2\bin\link.16512.read.1.tlog
D:\chy\projects\my\sqs\eqcores2\bin\link.16512.read.3.tlog
D:\chy\projects\my\sqs\eqcores2\bin\link.16512.write.1.tlog
D:\chy\projects\my\sqs\eqcores2\bin\link.16512-cvtres.read.1.tlog
D:\chy\projects\my\sqs\eqcores2\bin\link.16512-cvtres.write.1.tlog
D:\chy\projects\my\sqs\eqcores2\bin\link.17240.read.1.tlog
D:\chy\projects\my\sqs\eqcores2\bin\link.17240.read.3.tlog
D:\chy\projects\my\sqs\eqcores2\bin\link.17240.write.1.tlog
D:\chy\projects\my\sqs\eqcores2\bin\link.17240-cvtres.read.1.tlog
D:\chy\projects\my\sqs\eqcores2\bin\link.17240-cvtres.write.1.tlog
D:\chy\projects\my\sqs\eqcores2\bin\link.18376.read.1.tlog
D:\chy\projects\my\sqs\eqcores2\bin\link.18376.read.3.tlog
D:\chy\projects\my\sqs\eqcores2\bin\link.18376.write.1.tlog
D:\chy\projects\my\sqs\eqcores2\bin\link.18376-cvtres.read.1.tlog
D:\chy\projects\my\sqs\eqcores2\bin\link.18376-cvtres.write.1.tlog
D:\chy\projects\my\sqs\eqcores2\bin\link.24788.read.1.tlog
D:\chy\projects\my\sqs\eqcores2\bin\link.24788.read.3.tlog
D:\chy\projects\my\sqs\eqcores2\bin\link.24788.write.1.tlog
D:\chy\projects\my\sqs\eqcores2\bin\link.24788-cvtres.read.1.tlog
D:\chy\projects\my\sqs\eqcores2\bin\link.24788-cvtres.write.1.tlog
D:\chy\projects\my\sqs\eqcores2\bin\link.2704.read.1.tlog
D:\chy\projects\my\sqs\eqcores2\bin\link.2704.read.3.tlog
D:\chy\projects\my\sqs\eqcores2\bin\link.2704.write.1.tlog
D:\chy\projects\my\sqs\eqcores2\bin\link.2704-cvtres.read.1.tlog
D:\chy\projects\my\sqs\eqcores2\bin\link.2704-cvtres.write.1.tlog
D:\chy\projects\my\sqs\eqcores2\bin\link.8016.read.1.tlog
D:\chy\projects\my\sqs\eqcores2\bin\link.8016.read.3.tlog
D:\chy\projects\my\sqs\eqcores2\bin\link.8016.write.1.tlog
D:\chy\projects\my\sqs\eqcores2\bin\link.8016-cvtres.read.1.tlog
D:\chy\projects\my\sqs\eqcores2\bin\link.8016-cvtres.write.1.tlog
D:\chy\projects\my\sqs\eqcores2\bin\link.command.1.tlog
D:\chy\projects\my\sqs\eqcores2\bin\link.read.1.tlog
D:\chy\projects\my\sqs\eqcores2\bin\link.read.3.tlog
D:\chy\projects\my\sqs\eqcores2\bin\link.write.1.tlog
D:\chy\projects\my\sqs\eqcores2\bin\link-cvtres.read.1.tlog
D:\chy\projects\my\sqs\eqcores2\bin\link-cvtres.write.1.tlog
D:\CHY\PROJECTS\MY\SQS\EQCORES2\BIN\LPNCOREMGR.OBJ
D:\CHY\PROJECTS\MY\SQS\EQCORES2\BIN\LPNMGR.OBJ
D:\CHY\PROJECTS\MY\SQS\EQCORES2\BIN\MAIN.OBJ
D:\chy\projects\my\sqs\eqcores2\bin\mt.command.1.tlog
D:\chy\projects\my\sqs\eqcores2\bin\mt.read.1.tlog
D:\chy\projects\my\sqs\eqcores2\bin\mt.write.1.tlog
D:\CHY\PROJECTS\MY\SQS\EQCORES2\BIN\MYCLIENT.OBJ
D:\CHY\PROJECTS\MY\SQS\EQCORES2\BIN\PCSS.OBJ
D:\CHY\PROJECTS\MY\SQS\EQCORES2\BIN\PRECOMPILE.OBJ
D:\CHY\PROJECTS\MY\SQS\EQCORES2\BIN\PTHREADEX.OBJ
D:\chy\projects\my\sqs\eqcores2\bin\rc.command.1.tlog
D:\chy\projects\my\sqs\eqcores2\bin\rc.read.1.tlog
D:\chy\projects\my\sqs\eqcores2\bin\rc.write.1.tlog
D:\CHY\PROJECTS\MY\SQS\EQCORES2\BIN\SFCALLSMANAGER.OBJ
D:\CHY\PROJECTS\MY\SQS\EQCORES2\BIN\SFCONNECTION.OBJ
D:\CHY\PROJECTS\MY\SQS\EQCORES2\BIN\SFENDPOINT.OBJ
D:\CHY\PROJECTS\MY\SQS\EQCORES2\BIN\STDAFX.OBJ
D:\chy\projects\my\sqs\eqcores2\bin\vc100.idb
D:\CHY\PROJECTS\MY\SQS\EQCORES2\BIN\VC100.PDB
D:\CHY\PROJECTS\MY\SQS\EQCORES2\BIN\WPF.EXE
D:\CHY\PROJECTS\MY\SQS\EQCORES2\BIN\WPF.ILK
D:\CHY\PROJECTS\MY\SQS\EQCORES2\BIN\YCONFERENCEENTRY.OBJ
D:\CHY\PROJECTS\MY\SQS\EQCORES2\BIN\YCONFERENCEMEDIASTREAM.OBJ
D:\CHY\PROJECTS\MY\SQS\EQCORES2\BIN\YCONFERENCEPATCH.OBJ
D:\CHY\PROJECTS\MY\SQS\EQCORES2\BIN\YHTTPSVR_MAIN.OBJ
D:\chy\projects\my\sqs\eqcores2\bin\yImageEngineD.ilk
D:\CHY\PROJECTS\MY\SQS\EQCORES2\BIN\YMCUCUSTOM.OBJ
D:\CHY\PROJECTS\MY\SQS\EQCORES2\BIN\YRDCONNECTION.OBJ
D:\CHY\PROJECTS\MY\SQS\EQCORES2\BIN\YUSERTOUSERTRANSMITDATAMGR.OBJ
D:\CHY\PROJECTS\MY\SQS\EQCORES2\BIN\YVIEWERENTRY.OBJ
D:\CHY\PROJECTS\MY\SQS\EQCORES2\BIN\YYAUDIOMEDIASTREAM.OBJ
D:\CHY\PROJECTS\MY\SQS\EQCORES2\BIN\YYFUN.OBJ
D:\CHY\PROJECTS\MY\SQS\EQCORES2\BIN\YYM.EXE.EMBED.MANIFEST
D:\CHY\PROJECTS\MY\SQS\EQCORES2\BIN\YYM.EXE.EMBED.MANIFEST.RES
D:\CHY\PROJECTS\MY\SQS\EQCORES2\BIN\YYM.EXE.INTERMEDIATE.MANIFEST
D:\chy\projects\my\sqs\eqcores2\bin\YYM.write.1.tlog
D:\chy\projects\my\sqs\eqcores2\bin\YYM_manifest.rc
D:\CHY\PROJECTS\MY\SQS\EQCORES2\BIN\YYMCU2.PDB
D:\CHY\PROJECTS\MY\SQS\EQCORES2\BIN\YYMCU2.RES
D:\CHY\PROJECTS\MY\SQS\EQCORES2\BIN\YYPIPE_WIN32.OBJ
