Build started 2014/9/18 15:14:25.
     1>Project "D:\chy\projects\my\sqs\eqcores2\yImageEngine\yImageEngine.vcxproj" on node 2 (build target(s)).
     1>InitializeBuildStatus:
         Creating "Debug\yImageEngine.unsuccessfulbuild" because "AlwaysCreate" was specified.
       ClCompile:
         All outputs are up-to-date.
         All outputs are up-to-date.
         All outputs are up-to-date.
         D:\Program Files (x86)\Microsoft Visual Studio 10.0\VC\bin\CL.exe /c /IC:\opencv\include /IC:\opencv\include\opencv /IC:\opencv\include\opencv2 /Iinclude /ZI /nologo /W3 /WX- /Od /Oy- /D WIN32 /D _DEBUG /D _WINDOWS /D _USRDLL /D YIMAGEENGINE_EXPORTS /D _WINDLL /D _UNICODE /D UNICODE /Gm /EHsc /RTC1 /MTd /GS /fp:precise /Zc:wchar_t /Zc:forScope /Yu"StdAfx.h" /Fp"Debug\yImageEngine.pch" /Fo"Debug\\" /Fd"Debug\vc100.pdb" /Gd /TP /analyze- /errorReport:prompt yCvMgr.cpp
         yCvMgr.cpp
     1>c:\opencv\include\opencv2\flann\logger.h(66): warning C4996: 'fopen': This function or variable may be unsafe. Consider using fopen_s instead. To disable deprecation, use _CRT_SECURE_NO_WARNINGS. See online help for details.
                 d:\program files (x86)\microsoft visual studio 10.0\vc\include\stdio.h(234) : see declaration of 'fopen'
       ManifestResourceCompile:
         All outputs are up-to-date.
     1>C:\Program Files (x86)\MSBuild\Microsoft.Cpp\v4.0\Microsoft.CppBuild.targets(990,5): warning MSB8012: TargetPath(D:\chy\projects\my\sqs\eqcores2\yImageEngine\Debug\yImageEngine.dll) does not match the Linker's OutputFile property value (D:\chy\projects\my\sqs\eqcores2\bin\yImageEngineD.dll). This may cause your project to build incorrectly. To correct this, please make sure that $(OutDir), $(TargetName) and $(TargetExt) property values match the value specified in %(Link.OutputFile).
     1>C:\Program Files (x86)\MSBuild\Microsoft.Cpp\v4.0\Microsoft.CppBuild.targets(992,5): warning MSB8012: TargetName(yImageEngine) does not match the Linker's OutputFile property value (yImageEngineD). This may cause your project to build incorrectly. To correct this, please make sure that $(OutDir), $(TargetName) and $(TargetExt) property values match the value specified in %(Link.OutputFile).
       Link:
         D:\Program Files (x86)\Microsoft Visual Studio 10.0\VC\bin\link.exe /ERRORREPORT:PROMPT /OUT:"..\bin\yImageEngineD.dll" /INCREMENTAL /NOLOGO /LIBPATH:C:\opencv\build\x86\vc10\staticlib /LIBPATH:.\lib IlmImfd.lib libjasperd.lib libjpegd.lib libpngd.lib libtiffd.lib gdi32.lib opencv_highgui249d.lib opencv_calib3d249d.lib opencv_contrib249d.lib opencv_core249d.lib opencv_features2d249d.lib opencv_flann249d.lib opencv_gpu249d.lib opencv_imgproc249d.lib opencv_legacy249d.lib opencv_ml249d.lib opencv_nonfree249d.lib opencv_objdetect249d.lib opencv_photo249d.lib opencv_stitching249d.lib opencv_ts249d.lib opencv_video249d.lib opencv_videostab249d.lib zlibd.lib freetyped.lib kernel32.lib user32.lib gdi32.lib winspool.lib comdlg32.lib advapi32.lib shell32.lib ole32.lib oleaut32.lib uuid.lib odbc32.lib odbccp32.lib /DEF:"yIe.def" /MANIFEST /ManifestFile:"Debug\yImageEngine.dll.intermediate.manifest" /MANIFESTUAC:"level='asInvoker' uiAccess='false'" /DEBUG /PDB:"D:\chy\projects\my\eqcores2\bin\yImageEngine.pdb" /SUBSYSTEM:WINDOWS /TLBID:1 /DYNAMICBASE /NXCOMPAT /IMPLIB:"D:\chy\projects\my\eqcores2\bin\yImageEngineD.lib" /MACHINE:X86 /DLL Debug\yImageEngine.dll.embed.manifest.res
         Debug\CvxText.obj
         Debug\dllmain.obj
         Debug\stdafx.obj
         Debug\yCvMgr.obj
         Debug\yImageEngine.obj
       Manifest:
         C:\Program Files (x86)\Microsoft SDKs\Windows\v7.0A\bin\mt.exe /nologo /verbose /out:"Debug\yImageEngine.dll.embed.manifest" /manifest Debug\yImageEngine.dll.intermediate.manifest
         All outputs are up-to-date.
       LinkEmbedManifest:
         All outputs are up-to-date.
         yImageEngine.vcxproj -> D:\chy\projects\my\sqs\eqcores2\yImageEngine\Debug\yImageEngine.dll
       FinalizeBuildStatus:
         Deleting file "Debug\yImageEngine.unsuccessfulbuild".
         Touching "Debug\yImageEngine.lastbuildstate".
     1>Done Building Project "D:\chy\projects\my\sqs\eqcores2\yImageEngine\yImageEngine.vcxproj" (build target(s)).

Build succeeded.

Time Elapsed 00:00:04.09
