D:\CHY\PROJECTS\MY\EQCORES2\BIN\YIMAGEENGINE.PDB
D:\CHY\PROJECTS\MY\EQCORES2\BIN\YIMAGEENGINED.DLL
D:\chy\projects\my\eqcores2\bin\yImageEngineD.exp
D:\CHY\PROJECTS\MY\EQCORES2\BIN\YIMAGEENGINED.ILK
D:\chy\projects\my\eqcores2\bin\yImageEngineD.lib
D:\chy\projects\my\eqcores2\Debug\yImageEngine.exp
D:\chy\projects\my\eqcores2\Debug\yImageEngine.lib
D:\CHY\PROJECTS\MY\EQCORES2\YIMAGEENGINE\DEBUG\CVXTEXT.OBJ
D:\CHY\PROJECTS\MY\EQCORES2\YIMAGEENGINE\DEBUG\DLLMAIN.OBJ
D:\CHY\PROJECTS\MY\EQCORES2\YIMAGEENGINE\DEBUG\STDAFX.OBJ
D:\CHY\PROJECTS\MY\EQCORES2\YIMAGEENGINE\DEBUG\VC100.PDB
D:\CHY\PROJECTS\MY\EQCORES2\YIMAGEENGINE\DEBUG\YCVMGR.OBJ
D:\CHY\PROJECTS\MY\EQCORES2\YIMAGEENGINE\DEBUG\YIMAGEENGINE.DLL.EMBED.MANIFEST
D:\CHY\PROJECTS\MY\EQCORES2\YIMAGEENGINE\DEBUG\YIMAGEENGINE.DLL.EMBED.MANIFEST.RES
D:\CHY\PROJECTS\MY\EQCORES2\YIMAGEENGINE\DEBUG\YIMAGEENGINE.DLL.INTERMEDIATE.MANIFEST
D:\CHY\PROJECTS\MY\EQCORES2\YIMAGEENGINE\DEBUG\YIMAGEENGINE.OBJ
D:\CHY\PROJECTS\MY\EQCORES2\YIMAGEENGINE\DEBUG\YIMAGEENGINE.PCH
D:\chy\projects\my\sqs\eqcores2\yImageEngine\Debug\cl.command.1.tlog
D:\chy\projects\my\sqs\eqcores2\yImageEngine\Debug\CL.read.1.tlog
D:\chy\projects\my\sqs\eqcores2\yImageEngine\Debug\CL.write.1.tlog
D:\CHY\PROJECTS\MY\SQS\EQCORES2\YIMAGEENGINE\DEBUG\CVXTEXT.OBJ
D:\chy\projects\my\sqs\eqcores2\yImageEngine\Debug\dllmain.obj
D:\chy\projects\my\sqs\eqcores2\yImageEngine\Debug\link.4956.read.1.tlog
D:\chy\projects\my\sqs\eqcores2\yImageEngine\Debug\link.4956.write.1.tlog
D:\chy\projects\my\sqs\eqcores2\yImageEngine\Debug\link.4956-cvtres.read.1.tlog
D:\chy\projects\my\sqs\eqcores2\yImageEngine\Debug\link.4956-cvtres.write.1.tlog
D:\chy\projects\my\sqs\eqcores2\yImageEngine\Debug\link.5932.read.1.tlog
D:\chy\projects\my\sqs\eqcores2\yImageEngine\Debug\link.5932.write.1.tlog
D:\chy\projects\my\sqs\eqcores2\yImageEngine\Debug\link.5932-cvtres.read.1.tlog
D:\chy\projects\my\sqs\eqcores2\yImageEngine\Debug\link.5932-cvtres.write.1.tlog
D:\chy\projects\my\sqs\eqcores2\yImageEngine\Debug\link.command.1.tlog
D:\chy\projects\my\sqs\eqcores2\yImageEngine\Debug\link.read.1.tlog
D:\chy\projects\my\sqs\eqcores2\yImageEngine\Debug\link.write.1.tlog
D:\chy\projects\my\sqs\eqcores2\yImageEngine\Debug\link-cvtres.read.1.tlog
D:\chy\projects\my\sqs\eqcores2\yImageEngine\Debug\link-cvtres.write.1.tlog
D:\chy\projects\my\sqs\eqcores2\yImageEngine\Debug\mt.command.1.tlog
D:\chy\projects\my\sqs\eqcores2\yImageEngine\Debug\mt.read.1.tlog
D:\chy\projects\my\sqs\eqcores2\yImageEngine\Debug\mt.write.1.tlog
D:\chy\projects\my\sqs\eqcores2\yImageEngine\Debug\rc.command.1.tlog
D:\chy\projects\my\sqs\eqcores2\yImageEngine\Debug\rc.read.1.tlog
D:\chy\projects\my\sqs\eqcores2\yImageEngine\Debug\rc.write.1.tlog
D:\CHY\PROJECTS\MY\SQS\EQCORES2\YIMAGEENGINE\DEBUG\STDAFX.OBJ
D:\chy\projects\my\sqs\eqcores2\yImageEngine\Debug\vc100.idb
D:\CHY\PROJECTS\MY\SQS\EQCORES2\YIMAGEENGINE\DEBUG\VC100.PDB
D:\chy\projects\my\sqs\eqcores2\yImageEngine\Debug\yCvMgr.obj
D:\chy\projects\my\sqs\eqcores2\yImageEngine\Debug\yImageEngine.dll.embed.manifest
D:\chy\projects\my\sqs\eqcores2\yImageEngine\Debug\yImageEngine.dll.embed.manifest.res
D:\chy\projects\my\sqs\eqcores2\yImageEngine\Debug\yImageEngine.dll.intermediate.manifest
D:\chy\projects\my\sqs\eqcores2\yImageEngine\Debug\yImageEngine.obj
D:\CHY\PROJECTS\MY\SQS\EQCORES2\YIMAGEENGINE\DEBUG\YIMAGEENGINE.PCH
D:\chy\projects\my\sqs\eqcores2\yImageEngine\Debug\yImageEngine.vcxprojResolveAssemblyReference.cache
D:\chy\projects\my\sqs\eqcores2\yImageEngine\Debug\yImageEngine.write.1.tlog
D:\chy\projects\my\sqs\eqcores2\yImageEngine\Debug\yImageEngine_manifest.rc
