.\Debug\BV32.bsc
D:\chy\projects\my\sqs\eqcores2\opal\plugins\audio\broadvoice\FloatingPoint\MSVC\.\Debug\BV32.lib
D:\CHY\PROJECTS\MY\SQS\EQCORES2\OPAL\PLUGINS\AUDIO\BROADVOICE\FLOATINGPOINT\MSVC\DEBUG\A2LSP.SBR
D:\CHY\PROJECTS\MY\SQS\EQCORES2\OPAL\PLUGINS\AUDIO\BROADVOICE\FLOATINGPOINT\MSVC\DEBUG\ALLPOLE.SBR
D:\CHY\PROJECTS\MY\SQS\EQCORES2\OPAL\PLUGINS\AUDIO\BROADVOICE\FLOATINGPOINT\MSVC\DEBUG\ALLZERO.SBR
D:\CHY\PROJECTS\MY\SQS\EQCORES2\OPAL\PLUGINS\AUDIO\BROADVOICE\FLOATINGPOINT\MSVC\DEBUG\AUTOCOR.SBR
D:\CHY\PROJECTS\MY\SQS\EQCORES2\OPAL\PLUGINS\AUDIO\BROADVOICE\FLOATINGPOINT\MSVC\DEBUG\BITPACK.SBR
D:\chy\projects\my\sqs\eqcores2\opal\plugins\audio\broadvoice\FloatingPoint\MSVC\Debug\BroadVoice32.vcxprojResolveAssemblyReference.cache
D:\chy\projects\my\sqs\eqcores2\opal\plugins\audio\broadvoice\FloatingPoint\MSVC\Debug\BscMake.command.1.tlog
D:\chy\projects\my\sqs\eqcores2\opal\plugins\audio\broadvoice\FloatingPoint\MSVC\Debug\bscmake.read.1.tlog
D:\chy\projects\my\sqs\eqcores2\opal\plugins\audio\broadvoice\FloatingPoint\MSVC\Debug\bscmake.write.1.tlog
D:\CHY\PROJECTS\MY\SQS\EQCORES2\OPAL\PLUGINS\AUDIO\BROADVOICE\FLOATINGPOINT\MSVC\DEBUG\BV.SBR
D:\CHY\PROJECTS\MY\SQS\EQCORES2\OPAL\PLUGINS\AUDIO\BROADVOICE\FLOATINGPOINT\MSVC\DEBUG\BV32.BSC
D:\CHY\PROJECTS\MY\SQS\EQCORES2\OPAL\PLUGINS\AUDIO\BROADVOICE\FLOATINGPOINT\MSVC\DEBUG\BV32.LIB
D:\chy\projects\my\sqs\eqcores2\opal\plugins\audio\broadvoice\FloatingPoint\MSVC\Debug\BV32.write.1.tlog
D:\chy\projects\my\sqs\eqcores2\opal\plugins\audio\broadvoice\FloatingPoint\MSVC\Debug\cl.command.1.tlog
D:\chy\projects\my\sqs\eqcores2\opal\plugins\audio\broadvoice\FloatingPoint\MSVC\Debug\CL.read.1.tlog
D:\chy\projects\my\sqs\eqcores2\opal\plugins\audio\broadvoice\FloatingPoint\MSVC\Debug\CL.write.1.tlog
D:\CHY\PROJECTS\MY\SQS\EQCORES2\OPAL\PLUGINS\AUDIO\BROADVOICE\FLOATINGPOINT\MSVC\DEBUG\CMTABLES.SBR
D:\CHY\PROJECTS\MY\SQS\EQCORES2\OPAL\PLUGINS\AUDIO\BROADVOICE\FLOATINGPOINT\MSVC\DEBUG\COARPTCH.SBR
D:\CHY\PROJECTS\MY\SQS\EQCORES2\OPAL\PLUGINS\AUDIO\BROADVOICE\FLOATINGPOINT\MSVC\DEBUG\DECODER.SBR
D:\CHY\PROJECTS\MY\SQS\EQCORES2\OPAL\PLUGINS\AUDIO\BROADVOICE\FLOATINGPOINT\MSVC\DEBUG\ENCODER.SBR
D:\CHY\PROJECTS\MY\SQS\EQCORES2\OPAL\PLUGINS\AUDIO\BROADVOICE\FLOATINGPOINT\MSVC\DEBUG\EXCDEC.SBR
D:\CHY\PROJECTS\MY\SQS\EQCORES2\OPAL\PLUGINS\AUDIO\BROADVOICE\FLOATINGPOINT\MSVC\DEBUG\EXCQUAN.SBR
D:\CHY\PROJECTS\MY\SQS\EQCORES2\OPAL\PLUGINS\AUDIO\BROADVOICE\FLOATINGPOINT\MSVC\DEBUG\FINEPTCH.SBR
D:\CHY\PROJECTS\MY\SQS\EQCORES2\OPAL\PLUGINS\AUDIO\BROADVOICE\FLOATINGPOINT\MSVC\DEBUG\G192.SBR
D:\CHY\PROJECTS\MY\SQS\EQCORES2\OPAL\PLUGINS\AUDIO\BROADVOICE\FLOATINGPOINT\MSVC\DEBUG\GAINDEC.SBR
D:\CHY\PROJECTS\MY\SQS\EQCORES2\OPAL\PLUGINS\AUDIO\BROADVOICE\FLOATINGPOINT\MSVC\DEBUG\GAINQUAN.SBR
D:\CHY\PROJECTS\MY\SQS\EQCORES2\OPAL\PLUGINS\AUDIO\BROADVOICE\FLOATINGPOINT\MSVC\DEBUG\LEVDUR.SBR
D:\CHY\PROJECTS\MY\SQS\EQCORES2\OPAL\PLUGINS\AUDIO\BROADVOICE\FLOATINGPOINT\MSVC\DEBUG\LEVELEST.SBR
D:\chy\projects\my\sqs\eqcores2\opal\plugins\audio\broadvoice\FloatingPoint\MSVC\Debug\lib.command.1.tlog
D:\chy\projects\my\sqs\eqcores2\opal\plugins\audio\broadvoice\FloatingPoint\MSVC\Debug\Lib-link.read.1.tlog
D:\chy\projects\my\sqs\eqcores2\opal\plugins\audio\broadvoice\FloatingPoint\MSVC\Debug\Lib-link.write.1.tlog
D:\CHY\PROJECTS\MY\SQS\EQCORES2\OPAL\PLUGINS\AUDIO\BROADVOICE\FLOATINGPOINT\MSVC\DEBUG\LSP2A.SBR
D:\CHY\PROJECTS\MY\SQS\EQCORES2\OPAL\PLUGINS\AUDIO\BROADVOICE\FLOATINGPOINT\MSVC\DEBUG\LSPDEC.SBR
D:\CHY\PROJECTS\MY\SQS\EQCORES2\OPAL\PLUGINS\AUDIO\BROADVOICE\FLOATINGPOINT\MSVC\DEBUG\LSPQUAN.SBR
D:\CHY\PROJECTS\MY\SQS\EQCORES2\OPAL\PLUGINS\AUDIO\BROADVOICE\FLOATINGPOINT\MSVC\DEBUG\PLC.SBR
D:\CHY\PROJECTS\MY\SQS\EQCORES2\OPAL\PLUGINS\AUDIO\BROADVOICE\FLOATINGPOINT\MSVC\DEBUG\PTDEC.SBR
D:\CHY\PROJECTS\MY\SQS\EQCORES2\OPAL\PLUGINS\AUDIO\BROADVOICE\FLOATINGPOINT\MSVC\DEBUG\PTQUAN.SBR
D:\CHY\PROJECTS\MY\SQS\EQCORES2\OPAL\PLUGINS\AUDIO\BROADVOICE\FLOATINGPOINT\MSVC\DEBUG\STBLCHCK.SBR
D:\CHY\PROJECTS\MY\SQS\EQCORES2\OPAL\PLUGINS\AUDIO\BROADVOICE\FLOATINGPOINT\MSVC\DEBUG\STBLZLSP.SBR
D:\CHY\PROJECTS\MY\SQS\EQCORES2\OPAL\PLUGINS\AUDIO\BROADVOICE\FLOATINGPOINT\MSVC\DEBUG\TABLES.SBR
D:\CHY\PROJECTS\MY\SQS\EQCORES2\OPAL\PLUGINS\AUDIO\BROADVOICE\FLOATINGPOINT\MSVC\DEBUG\UTILITY.SBR
D:\CHY\PROJECTS\MY\SQS\EQCORES2\OPAL\PLUGINS\AUDIO\BROADVOICE\FLOATINGPOINT\MSVC\DEBUG_MD\A2LSP.OBJ
D:\CHY\PROJECTS\MY\SQS\EQCORES2\OPAL\PLUGINS\AUDIO\BROADVOICE\FLOATINGPOINT\MSVC\DEBUG_MD\ALLPOLE.OBJ
D:\CHY\PROJECTS\MY\SQS\EQCORES2\OPAL\PLUGINS\AUDIO\BROADVOICE\FLOATINGPOINT\MSVC\DEBUG_MD\ALLZERO.OBJ
D:\CHY\PROJECTS\MY\SQS\EQCORES2\OPAL\PLUGINS\AUDIO\BROADVOICE\FLOATINGPOINT\MSVC\DEBUG_MD\AUTOCOR.OBJ
D:\CHY\PROJECTS\MY\SQS\EQCORES2\OPAL\PLUGINS\AUDIO\BROADVOICE\FLOATINGPOINT\MSVC\DEBUG_MD\BITPACK.OBJ
D:\CHY\PROJECTS\MY\SQS\EQCORES2\OPAL\PLUGINS\AUDIO\BROADVOICE\FLOATINGPOINT\MSVC\DEBUG_MD\BV.OBJ
D:\CHY\PROJECTS\MY\SQS\EQCORES2\OPAL\PLUGINS\AUDIO\BROADVOICE\FLOATINGPOINT\MSVC\DEBUG_MD\CMTABLES.OBJ
D:\CHY\PROJECTS\MY\SQS\EQCORES2\OPAL\PLUGINS\AUDIO\BROADVOICE\FLOATINGPOINT\MSVC\DEBUG_MD\COARPTCH.OBJ
D:\CHY\PROJECTS\MY\SQS\EQCORES2\OPAL\PLUGINS\AUDIO\BROADVOICE\FLOATINGPOINT\MSVC\DEBUG_MD\DECODER.OBJ
D:\CHY\PROJECTS\MY\SQS\EQCORES2\OPAL\PLUGINS\AUDIO\BROADVOICE\FLOATINGPOINT\MSVC\DEBUG_MD\ENCODER.OBJ
D:\CHY\PROJECTS\MY\SQS\EQCORES2\OPAL\PLUGINS\AUDIO\BROADVOICE\FLOATINGPOINT\MSVC\DEBUG_MD\EXCDEC.OBJ
D:\CHY\PROJECTS\MY\SQS\EQCORES2\OPAL\PLUGINS\AUDIO\BROADVOICE\FLOATINGPOINT\MSVC\DEBUG_MD\EXCQUAN.OBJ
D:\CHY\PROJECTS\MY\SQS\EQCORES2\OPAL\PLUGINS\AUDIO\BROADVOICE\FLOATINGPOINT\MSVC\DEBUG_MD\FINEPTCH.OBJ
D:\CHY\PROJECTS\MY\SQS\EQCORES2\OPAL\PLUGINS\AUDIO\BROADVOICE\FLOATINGPOINT\MSVC\DEBUG_MD\G192.OBJ
D:\CHY\PROJECTS\MY\SQS\EQCORES2\OPAL\PLUGINS\AUDIO\BROADVOICE\FLOATINGPOINT\MSVC\DEBUG_MD\GAINDEC.OBJ
D:\CHY\PROJECTS\MY\SQS\EQCORES2\OPAL\PLUGINS\AUDIO\BROADVOICE\FLOATINGPOINT\MSVC\DEBUG_MD\GAINQUAN.OBJ
D:\CHY\PROJECTS\MY\SQS\EQCORES2\OPAL\PLUGINS\AUDIO\BROADVOICE\FLOATINGPOINT\MSVC\DEBUG_MD\LEVDUR.OBJ
D:\CHY\PROJECTS\MY\SQS\EQCORES2\OPAL\PLUGINS\AUDIO\BROADVOICE\FLOATINGPOINT\MSVC\DEBUG_MD\LEVELEST.OBJ
D:\CHY\PROJECTS\MY\SQS\EQCORES2\OPAL\PLUGINS\AUDIO\BROADVOICE\FLOATINGPOINT\MSVC\DEBUG_MD\LSP2A.OBJ
D:\CHY\PROJECTS\MY\SQS\EQCORES2\OPAL\PLUGINS\AUDIO\BROADVOICE\FLOATINGPOINT\MSVC\DEBUG_MD\LSPDEC.OBJ
D:\CHY\PROJECTS\MY\SQS\EQCORES2\OPAL\PLUGINS\AUDIO\BROADVOICE\FLOATINGPOINT\MSVC\DEBUG_MD\LSPQUAN.OBJ
D:\CHY\PROJECTS\MY\SQS\EQCORES2\OPAL\PLUGINS\AUDIO\BROADVOICE\FLOATINGPOINT\MSVC\DEBUG_MD\PLC.OBJ
D:\CHY\PROJECTS\MY\SQS\EQCORES2\OPAL\PLUGINS\AUDIO\BROADVOICE\FLOATINGPOINT\MSVC\DEBUG_MD\PTDEC.OBJ
D:\CHY\PROJECTS\MY\SQS\EQCORES2\OPAL\PLUGINS\AUDIO\BROADVOICE\FLOATINGPOINT\MSVC\DEBUG_MD\PTQUAN.OBJ
D:\CHY\PROJECTS\MY\SQS\EQCORES2\OPAL\PLUGINS\AUDIO\BROADVOICE\FLOATINGPOINT\MSVC\DEBUG_MD\STBLCHCK.OBJ
D:\CHY\PROJECTS\MY\SQS\EQCORES2\OPAL\PLUGINS\AUDIO\BROADVOICE\FLOATINGPOINT\MSVC\DEBUG_MD\STBLZLSP.OBJ
D:\CHY\PROJECTS\MY\SQS\EQCORES2\OPAL\PLUGINS\AUDIO\BROADVOICE\FLOATINGPOINT\MSVC\DEBUG_MD\TABLES.OBJ
D:\CHY\PROJECTS\MY\SQS\EQCORES2\OPAL\PLUGINS\AUDIO\BROADVOICE\FLOATINGPOINT\MSVC\DEBUG_MD\UTILITY.OBJ
D:\CHY\PROJECTS\MY\SQS\EQCORES2\OPAL\PLUGINS\AUDIO\BROADVOICE\FLOATINGPOINT\MSVC\DEBUG_MD\VC100.PDB
