Build started 2014/9/18 15:11:21.
     1>Project "D:\chy\projects\my\sqs\eqcores2\yImageEngine\yImageEngine.vcxproj" on node 2 (build target(s)).
     1>InitializeBuildStatus:
         Creating "Release\yImageEngine.unsuccessfulbuild" because "AlwaysCreate" was specified.
       ClCompile:
         All outputs are up-to-date.
         All outputs are up-to-date.
         All outputs are up-to-date.
         D:\Program Files (x86)\Microsoft Visual Studio 10.0\VC\bin\CL.exe /c /IC:\opencv\include /IC:\opencv\include\opencv /IC:\opencv\include\opencv2 /Iinclude /Zi /nologo /W3 /WX- /O2 /Oi /Oy- /GL /D WIN32 /D NDEBUG /D _WINDOWS /D _USRDLL /D YIMAGEENGINE_EXPORTS /D _WINDLL /D _UNICODE /D UNICODE /Gm- /EHsc /MT /GS /Gy /fp:precise /Zc:wchar_t /Zc:forScope /Yu"StdAfx.h" /Fp"Release\yImageEngine.pch" /Fo"Release\\" /Fd"Release\vc100.pdb" /Gd /TP /analyze- /errorReport:prompt yCvMgr.cpp
         yCvMgr.cpp
     1>c:\opencv\include\opencv2\flann\logger.h(66): warning C4996: 'fopen': This function or variable may be unsafe. Consider using fopen_s instead. To disable deprecation, use _CRT_SECURE_NO_WARNINGS. See online help for details.
                 D:\Program Files (x86)\Microsoft Visual Studio 10.0\VC\include\stdio.h(234) : see declaration of 'fopen'
     1>C:\Program Files (x86)\MSBuild\Microsoft.Cpp\v4.0\Microsoft.CppBuild.targets(990,5): warning MSB8012: TargetPath(D:\chy\projects\my\sqs\eqcores2\yImageEngine\Release\yImageEngine.dll) does not match the Linker's OutputFile property value (D:\chy\projects\my\sqs\eqcores2\bin\yImageEngine.dll). This may cause your project to build incorrectly. To correct this, please make sure that $(OutDir), $(TargetName) and $(TargetExt) property values match the value specified in %(Link.OutputFile).
       Link:
         D:\Program Files (x86)\Microsoft Visual Studio 10.0\VC\bin\link.exe /ERRORREPORT:PROMPT /OUT:"..\bin\yImageEngine.dll" /INCREMENTAL:NO /NOLOGO /LIBPATH:C:\opencv\build\x86\vc10\staticlib /LIBPATH:.\lib IlmImf.lib libjasper.lib libjpeg.lib libpng.lib libtiff.lib gdi32.lib opencv_highgui249.lib opencv_calib3d249.lib opencv_contrib249.lib opencv_core249.lib opencv_features2d249.lib opencv_flann249.lib opencv_gpu249.lib opencv_imgproc249.lib opencv_legacy249.lib opencv_ml249.lib opencv_nonfree249.lib opencv_objdetect249.lib opencv_photo249.lib opencv_stitching249.lib opencv_ts249.lib opencv_video249.lib opencv_videostab249.lib zlib.lib freetype.lib kernel32.lib user32.lib gdi32.lib winspool.lib comdlg32.lib advapi32.lib shell32.lib ole32.lib oleaut32.lib uuid.lib odbc32.lib odbccp32.lib /DEF:"yIe.def" /MANIFEST /ManifestFile:"Release\yImageEngine.dll.intermediate.manifest" /MANIFESTUAC:"level='asInvoker' uiAccess='false'" /DEBUG /PDB:"D:\chy\projects\my\sqs\eqcores2\yImageEngine\Release\yImageEngine.pdb" /SUBSYSTEM:WINDOWS /OPT:REF /OPT:ICF /LTCG /TLBID:1 /DYNAMICBASE /NXCOMPAT /IMPLIB:"D:\chy\projects\my\eqcores2\bin\yImageEngine.lib" /MACHINE:X86 /DLL Release\CvxText.obj
         Release\dllmain.obj
         Release\stdafx.obj
         Release\yCvMgr.obj
         Release\yImageEngine.obj
            Creating library D:\chy\projects\my\eqcores2\bin\yImageEngine.lib and object D:\chy\projects\my\eqcores2\bin\yImageEngine.exp
         Generating code
         Finished generating code
         yImageEngine.vcxproj -> D:\chy\projects\my\sqs\eqcores2\yImageEngine\Release\yImageEngine.dll
       Manifest:
         C:\Program Files (x86)\Microsoft SDKs\Windows\v7.0A\bin\mt.exe /nologo /verbose /outputresource:"..\bin\yImageEngine.dll;#2" /manifest Release\yImageEngine.dll.intermediate.manifest
       FinalizeBuildStatus:
         Deleting file "Release\yImageEngine.unsuccessfulbuild".
         Touching "Release\yImageEngine.lastbuildstate".
     1>Done Building Project "D:\chy\projects\my\sqs\eqcores2\yImageEngine\yImageEngine.vcxproj" (build target(s)).

Build succeeded.

Time Elapsed 00:00:05.23
